[12-Jun-2023 16:22:06 UTC] PHP Parse error:  syntax error, unexpected token "endwhile", expecting end of file in C:\Users\JonidaMema\Local Sites\aquila\app\public\wp-content\themes\aquila\template-parts\components\flexible-content.php on line 33
[12-Jun-2023 16:22:36 UTC] PHP Parse error:  syntax error, unexpected token "endif", expecting end of file in C:\Users\JonidaMema\Local Sites\aquila\app\public\wp-content\themes\aquila\template-parts\components\flexible-content.php on line 33
[12-Jun-2023 16:30:17 UTC] PHP Parse error:  syntax error, unexpected token "<" in C:\Users\JonidaMema\Local Sites\aquila\app\public\wp-content\themes\aquila\template-parts\components\flexible-content.php on line 5
[12-Jun-2023 16:30:31 UTC] PHP Parse error:  syntax error, unexpected token "endif", expecting end of file in C:\Users\JonidaMema\Local Sites\aquila\app\public\wp-content\themes\aquila\template-parts\components\flexible-content.php on line 35
[12-Jun-2023 16:30:46 UTC] PHP Parse error:  syntax error, unexpected token "endwhile", expecting "elseif" or "else" or "endif" in C:\Users\JonidaMema\Local Sites\aquila\app\public\wp-content\themes\aquila\template-parts\components\flexible-content.php on line 34
[12-Jun-2023 16:31:18 UTC] PHP Parse error:  syntax error, unexpected token "endif" in C:\Users\JonidaMema\Local Sites\aquila\app\public\wp-content\themes\aquila\template-parts\components\flexible-content.php on line 35
[12-Jun-2023 16:31:58 UTC] PHP Parse error:  syntax error, unexpected token "endif", expecting end of file in C:\Users\JonidaMema\Local Sites\aquila\app\public\wp-content\themes\aquila\template-parts\components\flexible-content.php on line 36
[12-Jun-2023 16:35:58 UTC] PHP Parse error:  syntax error, unexpected end of file, expecting "elseif" or "else" or "endif" in C:\Users\JonidaMema\Local Sites\aquila\app\public\wp-content\themes\aquila\template-parts\components\flexible-content.php on line 40
[12-Jun-2023 16:43:40 UTC] PHP Parse error:  syntax error, unexpected token "endwhile", expecting end of file in C:\Users\JonidaMema\Local Sites\aquila\app\public\wp-content\themes\aquila\template-parts\components\flexible-content.php on line 35
[13-Jun-2023 09:12:19 UTC] PHP Parse error:  syntax error, unexpected token "endif" in C:\Users\JonidaMema\Local Sites\aquila\app\public\wp-content\themes\aquila\template-parts\components\flexible-content.php on line 45
[13-Jun-2023 09:14:06 UTC] PHP Parse error:  syntax error, unexpected token "(", expecting ":" in C:\Users\JonidaMema\Local Sites\aquila\app\public\wp-content\themes\aquila\template-parts\components\flexible-content.php on line 33
[13-Jun-2023 12:59:08 UTC] PHP Warning:  Undefined variable $coverImage in C:\Users\JonidaMema\Local Sites\aquila\app\public\wp-content\themes\aquila\template-default.php on line 22
[13-Jun-2023 12:59:35 UTC] PHP Warning:  Undefined variable $coverImage in C:\Users\JonidaMema\Local Sites\aquila\app\public\wp-content\themes\aquila\template-default.php on line 22
[13-Jun-2023 13:07:05 UTC] PHP Warning:  Undefined variable $coverImage in C:\Users\JonidaMema\Local Sites\aquila\app\public\wp-content\themes\aquila\template-default.php on line 23
[13-Jun-2023 13:07:05 UTC] PHP Warning:  Undefined variable $coverImage in C:\Users\JonidaMema\Local Sites\aquila\app\public\wp-content\themes\aquila\template-default.php on line 24
[13-Jun-2023 13:07:18 UTC] PHP Warning:  Undefined variable $coverImage in C:\Users\JonidaMema\Local Sites\aquila\app\public\wp-content\themes\aquila\template-default.php on line 23
[13-Jun-2023 13:07:18 UTC] PHP Warning:  Undefined variable $coverImage in C:\Users\JonidaMema\Local Sites\aquila\app\public\wp-content\themes\aquila\template-default.php on line 24
[13-Jun-2023 13:10:07 UTC] PHP Warning:  Undefined variable $coverImage in C:\Users\JonidaMema\Local Sites\aquila\app\public\wp-content\themes\aquila\template-default.php on line 24
[13-Jun-2023 13:10:30 UTC] PHP Warning:  Undefined variable $coverImage in C:\Users\JonidaMema\Local Sites\aquila\app\public\wp-content\themes\aquila\template-default.php on line 24
[13-Jun-2023 13:10:43 UTC] PHP Warning:  Undefined variable $coverImage in C:\Users\JonidaMema\Local Sites\aquila\app\public\wp-content\themes\aquila\template-default.php on line 24
[13-Jun-2023 13:14:18 UTC] PHP Warning:  Undefined variable $coverImage in C:\Users\JonidaMema\Local Sites\aquila\app\public\wp-content\themes\aquila\template-default.php on line 24
[13-Jun-2023 13:14:29 UTC] PHP Warning:  Undefined variable $coverImage in C:\Users\JonidaMema\Local Sites\aquila\app\public\wp-content\themes\aquila\template-default.php on line 24
[13-Jun-2023 13:14:51 UTC] PHP Warning:  Undefined variable $coverImage in C:\Users\JonidaMema\Local Sites\aquila\app\public\wp-content\themes\aquila\template-default.php on line 24
[13-Jun-2023 13:14:55 UTC] PHP Warning:  Undefined variable $coverImage in C:\Users\JonidaMema\Local Sites\aquila\app\public\wp-content\themes\aquila\template-default.php on line 24
[13-Jun-2023 13:15:13 UTC] PHP Warning:  Undefined variable $coverImage in C:\Users\JonidaMema\Local Sites\aquila\app\public\wp-content\themes\aquila\template-default.php on line 24
[13-Jun-2023 13:15:36 UTC] PHP Warning:  Undefined variable $coverImage in C:\Users\JonidaMema\Local Sites\aquila\app\public\wp-content\themes\aquila\template-default.php on line 24
[13-Jun-2023 13:15:53 UTC] PHP Warning:  Undefined variable $coverImage in C:\Users\JonidaMema\Local Sites\aquila\app\public\wp-content\themes\aquila\template-default.php on line 24
[13-Jun-2023 13:15:56 UTC] PHP Warning:  Undefined variable $coverImage in C:\Users\JonidaMema\Local Sites\aquila\app\public\wp-content\themes\aquila\template-default.php on line 24
[13-Jun-2023 13:16:06 UTC] PHP Warning:  Undefined variable $coverImage in C:\Users\JonidaMema\Local Sites\aquila\app\public\wp-content\themes\aquila\template-default.php on line 24
[13-Jun-2023 13:16:14 UTC] PHP Warning:  Undefined variable $coverImage in C:\Users\JonidaMema\Local Sites\aquila\app\public\wp-content\themes\aquila\template-default.php on line 24
[13-Jun-2023 13:16:23 UTC] PHP Warning:  Undefined variable $coverImage in C:\Users\JonidaMema\Local Sites\aquila\app\public\wp-content\themes\aquila\template-default.php on line 24
[13-Jun-2023 13:16:29 UTC] PHP Warning:  Undefined variable $coverImage in C:\Users\JonidaMema\Local Sites\aquila\app\public\wp-content\themes\aquila\template-default.php on line 24
[13-Jun-2023 13:22:43 UTC] PHP Warning:  Undefined variable $coverImage in C:\Users\JonidaMema\Local Sites\aquila\app\public\wp-content\themes\aquila\template-default.php on line 24
[13-Jun-2023 13:23:08 UTC] PHP Warning:  Undefined variable $coverImage in C:\Users\JonidaMema\Local Sites\aquila\app\public\wp-content\themes\aquila\template-default.php on line 24
[13-Jun-2023 13:23:28 UTC] PHP Warning:  Undefined variable $coverImage in C:\Users\JonidaMema\Local Sites\aquila\app\public\wp-content\themes\aquila\template-default.php on line 24
[13-Jun-2023 13:23:32 UTC] PHP Warning:  Undefined variable $coverImage in C:\Users\JonidaMema\Local Sites\aquila\app\public\wp-content\themes\aquila\template-default.php on line 24
[13-Jun-2023 13:27:08 UTC] PHP Warning:  Undefined variable $coverImage in C:\Users\JonidaMema\Local Sites\aquila\app\public\wp-content\themes\aquila\template-default.php on line 24
[13-Jun-2023 13:27:11 UTC] PHP Warning:  Undefined variable $coverImage in C:\Users\JonidaMema\Local Sites\aquila\app\public\wp-content\themes\aquila\template-default.php on line 24
[13-Jun-2023 13:27:37 UTC] PHP Warning:  Undefined variable $coverImage in C:\Users\JonidaMema\Local Sites\aquila\app\public\wp-content\themes\aquila\template-default.php on line 24
[13-Jun-2023 13:27:45 UTC] PHP Warning:  Undefined variable $coverImage in C:\Users\JonidaMema\Local Sites\aquila\app\public\wp-content\themes\aquila\template-default.php on line 24
[13-Jun-2023 13:27:52 UTC] PHP Warning:  Undefined variable $coverImage in C:\Users\JonidaMema\Local Sites\aquila\app\public\wp-content\themes\aquila\template-default.php on line 24
[13-Jun-2023 13:28:11 UTC] PHP Warning:  Undefined variable $coverImage in C:\Users\JonidaMema\Local Sites\aquila\app\public\wp-content\themes\aquila\template-default.php on line 24
[13-Jun-2023 13:28:51 UTC] PHP Warning:  Undefined variable $coverImage in C:\Users\JonidaMema\Local Sites\aquila\app\public\wp-content\themes\aquila\template-default.php on line 24
